<?xml version="1.0" encoding="UTF-8"?>
<!-- Generated by org.testng.reporters.JUnitXMLReporter -->
<testsuite ignored="0" hostname="DESKTOP-VU1F7B6" failures="1" tests="2" name="chrome Test" time="23.35" errors="0" timestamp="2023-03-02T20:33:52 IST">
  <testcase classname="parallel_execution.Programme_Parallel1" name="login" time="0.793"/>
  <testcase classname="parallel_execution.Programme_Parallel1" name="title" time="5.088">
    <failure type="java.lang.AssertionError" message="The following asserts failed:
	expected [] but found [actiTIME - Enter Time-Track]">
      <![CDATA[java.lang.AssertionError: The following asserts failed:
expected [] but found [actiTIME - Enter Time-Track]
at parallel_execution.Programme_Parallel1.title(Programme_Parallel1.java:66)
at java.base/java.util.ArrayList.forEach(ArrayList.java:1511)
at java.base/java.util.concurrent.FutureTask.run(FutureTask.java:264)
at java.base/java.util.concurrent.ThreadPoolExecutor.runWorker(ThreadPoolExecutor.java:1136)
at java.base/java.util.concurrent.ThreadPoolExecutor$Worker.run(ThreadPoolExecutor.java:635)
at java.base/java.lang.Thread.run(Thread.java:833)
... Removed 20 stack frames]]>
    </failure>
  </testcase> <!-- title -->
</testsuite> <!-- chrome Test -->
