<?xml version="1.0" encoding="UTF-8"?>
<testng-results ignored="0" total="6" passed="5" failed="1" skipped="0">
  <reporter-output>
  </reporter-output>
  <suite started-at="2023-03-02T20:48:31 IST" name="mysuite" finished-at="2023-03-02T20:49:08 IST" duration-ms="36715">
    <groups>
    </groups>
    <test started-at="2023-03-02T20:48:31 IST" name="chrome Test" finished-at="2023-03-02T20:48:57 IST" duration-ms="25662">
      <class name="parallel_execution.Programme_Parallel1">
        <test-method is-config="true" signature="setup(java.lang.String,java.lang.String)[pri:0, instance:parallel_execution.Programme_Parallel1@359df09a]" started-at="2023-03-02T20:48:31 IST" name="setup" finished-at="2023-03-02T20:48:44 IST" duration-ms="13168" status="PASS">
          <params>
            <param index="0">
              <value>
                <![CDATA[chrome]]>
              </value>
            </param>
            <param index="1">
              <value>
                <![CDATA[http://localhost/login.do]]>
              </value>
            </param>
          </params>
          <reporter-output>
          </reporter-output>
        </test-method> <!-- setup -->
        <test-method signature="login()[pri:1, instance:parallel_execution.Programme_Parallel1@359df09a]" started-at="2023-03-02T20:48:45 IST" name="login" finished-at="2023-03-02T20:48:47 IST" duration-ms="2041" status="PASS">
          <reporter-output>
          </reporter-output>
        </test-method> <!-- login -->
        <test-method signature="title()[pri:2, instance:parallel_execution.Programme_Parallel1@359df09a]" started-at="2023-03-02T20:48:47 IST" name="title" finished-at="2023-03-02T20:48:50 IST" duration-ms="3619" status="FAIL">
          <exception class="java.lang.AssertionError">
            <message>
              <![CDATA[The following asserts failed:
expected [actiTIME - Login] but found [actiTIME - Enter Time-Track]]]>
            </message>
            <full-stacktrace>
              <![CDATA[java.lang.AssertionError: The following asserts failed:
expected [actiTIME - Login] but found [actiTIME - Enter Time-Track]
at org.testng.asserts.SoftAssert.assertAll(SoftAssert.java:46)
at org.testng.asserts.SoftAssert.assertAll(SoftAssert.java:30)
at parallel_execution.Programme_Parallel1.title(Programme_Parallel1.java:66)
at java.base/jdk.internal.reflect.NativeMethodAccessorImpl.invoke0(Native Method)
at java.base/jdk.internal.reflect.NativeMethodAccessorImpl.invoke(NativeMethodAccessorImpl.java:62)
at java.base/jdk.internal.reflect.DelegatingMethodAccessorImpl.invoke(DelegatingMethodAccessorImpl.java:43)
at java.base/java.lang.reflect.Method.invoke(Method.java:566)
at org.testng.internal.invokers.MethodInvocationHelper.invokeMethod(MethodInvocationHelper.java:139)
at org.testng.internal.invokers.TestInvoker.invokeMethod(TestInvoker.java:677)
at org.testng.internal.invokers.TestInvoker.invokeTestMethod(TestInvoker.java:221)
at org.testng.internal.invokers.MethodRunner.runInSequence(MethodRunner.java:50)
at org.testng.internal.invokers.TestInvoker$MethodInvocationAgent.invoke(TestInvoker.java:969)
at org.testng.internal.invokers.TestInvoker.invokeTestMethods(TestInvoker.java:194)
at org.testng.internal.invokers.TestMethodWorker.invokeTestMethods(TestMethodWorker.java:148)
at org.testng.internal.invokers.TestMethodWorker.run(TestMethodWorker.java:128)
at java.base/java.util.ArrayList.forEach(ArrayList.java:1541)
at org.testng.TestRunner.privateRun(TestRunner.java:829)
at org.testng.TestRunner.run(TestRunner.java:602)
at org.testng.SuiteRunner.runTest(SuiteRunner.java:437)
at org.testng.SuiteRunner$SuiteWorker.run(SuiteRunner.java:475)
at org.testng.internal.thread.ThreadUtil.lambda$execute$0(ThreadUtil.java:58)
at java.base/java.util.concurrent.FutureTask.run(FutureTask.java:264)
at java.base/java.util.concurrent.ThreadPoolExecutor.runWorker(ThreadPoolExecutor.java:1128)
at java.base/java.util.concurrent.ThreadPoolExecutor$Worker.run(ThreadPoolExecutor.java:628)
at java.base/java.lang.Thread.run(Thread.java:834)
]]>
            </full-stacktrace>
          </exception> <!-- java.lang.AssertionError -->
          <reporter-output>
          </reporter-output>
        </test-method> <!-- title -->
        <test-method is-config="true" signature="closeapp()[pri:0, instance:parallel_execution.Programme_Parallel1@359df09a]" started-at="2023-03-02T20:48:50 IST" name="closeapp" finished-at="2023-03-02T20:48:57 IST" duration-ms="6599" status="PASS">
          <reporter-output>
          </reporter-output>
        </test-method> <!-- closeapp -->
      </class> <!-- parallel_execution.Programme_Parallel1 -->
    </test> <!-- chrome Test -->
    <test started-at="2023-03-02T20:48:31 IST" name="firefox Test" finished-at="2023-03-02T20:49:08 IST" duration-ms="36387">
      <class name="parallel_execution.Programme_Parallel1">
        <test-method is-config="true" signature="setup(java.lang.String,java.lang.String)[pri:0, instance:parallel_execution.Programme_Parallel1@606e4010]" started-at="2023-03-02T20:48:31 IST" name="setup" finished-at="2023-03-02T20:49:02 IST" duration-ms="30742" status="PASS">
          <params>
            <param index="0">
              <value>
                <![CDATA[firefox]]>
              </value>
            </param>
            <param index="1">
              <value>
                <![CDATA[http://localhost/login.do]]>
              </value>
            </param>
          </params>
          <reporter-output>
          </reporter-output>
        </test-method> <!-- setup -->
        <test-method signature="login()[pri:1, instance:parallel_execution.Programme_Parallel1@606e4010]" started-at="2023-03-02T20:49:02 IST" name="login" finished-at="2023-03-02T20:49:05 IST" duration-ms="2707" status="PASS">
          <reporter-output>
          </reporter-output>
        </test-method> <!-- login -->
        <test-method signature="title()[pri:2, instance:parallel_execution.Programme_Parallel1@606e4010]" started-at="2023-03-02T20:49:05 IST" name="title" finished-at="2023-03-02T20:49:05 IST" duration-ms="20" status="PASS">
          <reporter-output>
          </reporter-output>
        </test-method> <!-- title -->
        <test-method is-config="true" signature="closeapp()[pri:0, instance:parallel_execution.Programme_Parallel1@606e4010]" started-at="2023-03-02T20:49:05 IST" name="closeapp" finished-at="2023-03-02T20:49:08 IST" duration-ms="2838" status="PASS">
          <reporter-output>
          </reporter-output>
        </test-method> <!-- closeapp -->
      </class> <!-- parallel_execution.Programme_Parallel1 -->
    </test> <!-- firefox Test -->
    <test started-at="2023-03-02T20:48:31 IST" name="edge Test" finished-at="2023-03-02T20:49:08 IST" duration-ms="36714">
      <class name="parallel_execution.Programme_Parallel1">
        <test-method is-config="true" signature="setup(java.lang.String,java.lang.String)[pri:0, instance:parallel_execution.Programme_Parallel1@792b749c]" started-at="2023-03-02T20:48:31 IST" name="setup" finished-at="2023-03-02T20:48:55 IST" duration-ms="23562" status="PASS">
          <params>
            <param index="0">
              <value>
                <![CDATA[edge]]>
              </value>
            </param>
            <param index="1">
              <value>
                <![CDATA[http://localhost/login.do]]>
              </value>
            </param>
          </params>
          <reporter-output>
          </reporter-output>
        </test-method> <!-- setup -->
        <test-method signature="login()[pri:1, instance:parallel_execution.Programme_Parallel1@792b749c]" started-at="2023-03-02T20:48:55 IST" name="login" finished-at="2023-03-02T20:48:57 IST" duration-ms="2338" status="PASS">
          <reporter-output>
          </reporter-output>
        </test-method> <!-- login -->
        <test-method signature="title()[pri:2, instance:parallel_execution.Programme_Parallel1@792b749c]" started-at="2023-03-02T20:48:57 IST" name="title" finished-at="2023-03-02T20:49:01 IST" duration-ms="3858" status="PASS">
          <reporter-output>
          </reporter-output>
        </test-method> <!-- title -->
        <test-method is-config="true" signature="closeapp()[pri:0, instance:parallel_execution.Programme_Parallel1@792b749c]" started-at="2023-03-02T20:49:01 IST" name="closeapp" finished-at="2023-03-02T20:49:08 IST" duration-ms="6806" status="PASS">
          <reporter-output>
          </reporter-output>
        </test-method> <!-- closeapp -->
      </class> <!-- parallel_execution.Programme_Parallel1 -->
    </test> <!-- edge Test -->
  </suite> <!-- mysuite -->
</testng-results>
