<?xml version="1.0" encoding="UTF-8"?>
<!-- Generated by org.testng.reporters.JUnitXMLReporter -->
<testsuite ignored="0" hostname="DESKTOP-VU1F7B6" failures="1" tests="2" name="programmeTest" time="9.107" errors="0" timestamp="2023-03-02T17:08:32 IST">
  <testcase classname="parallel_execution.Programme_Parallel1" name="login" time="1.101"/>
  <testcase classname="parallel_execution.Programme_Parallel1" name="title" time="0.841">
    <failure type="java.lang.AssertionError" message="The following asserts failed:
	expected [] but found [actiTIME - Enter Time-Track]">
      <![CDATA[java.lang.AssertionError: The following asserts failed:
expected [] but found [actiTIME - Enter Time-Track]
at parallel_execution.Programme_Parallel1.title(Programme_Parallel1.java:46)
at java.base/java.util.ArrayList.forEach(ArrayList.java:1511)
... Removed 33 stack frames]]>
    </failure>
  </testcase> <!-- title -->
</testsuite> <!-- programmeTest -->
