<?xml version="1.0" encoding="UTF-8"?>
<testng-results ignored="0" total="6" passed="4" failed="2" skipped="0">
  <reporter-output>
  </reporter-output>
  <suite started-at="2023-03-02T20:33:29 IST" name="mysuite" finished-at="2023-03-02T20:34:08 IST" duration-ms="39622">
    <groups>
    </groups>
    <test started-at="2023-03-02T20:33:29 IST" name="chrome Test" finished-at="2023-03-02T20:33:52 IST" duration-ms="23350">
      <class name="parallel_execution.Programme_Parallel1">
        <test-method is-config="true" signature="setup(java.lang.String,java.lang.String)[pri:0, instance:parallel_execution.Programme_Parallel1@1c7696c6]" started-at="2023-03-02T20:33:29 IST" name="setup" finished-at="2023-03-02T20:33:44 IST" duration-ms="15556" status="PASS">
          <params>
            <param index="0">
              <value>
                <![CDATA[chrome]]>
              </value>
            </param>
            <param index="1">
              <value>
                <![CDATA[http://localhost/login.do]]>
              </value>
            </param>
          </params>
          <reporter-output>
          </reporter-output>
        </test-method> <!-- setup -->
        <test-method signature="login()[pri:1, instance:parallel_execution.Programme_Parallel1@1c7696c6]" started-at="2023-03-02T20:33:44 IST" name="login" finished-at="2023-03-02T20:33:45 IST" duration-ms="793" status="PASS">
          <reporter-output>
          </reporter-output>
        </test-method> <!-- login -->
        <test-method signature="title()[pri:2, instance:parallel_execution.Programme_Parallel1@1c7696c6]" started-at="2023-03-02T20:33:45 IST" name="title" finished-at="2023-03-02T20:33:50 IST" duration-ms="5088" status="FAIL">
          <exception class="java.lang.AssertionError">
            <message>
              <![CDATA[The following asserts failed:
expected [] but found [actiTIME - Enter Time-Track]]]>
            </message>
            <full-stacktrace>
              <![CDATA[java.lang.AssertionError: The following asserts failed:
expected [] but found [actiTIME - Enter Time-Track]
at org.testng.asserts.SoftAssert.assertAll(SoftAssert.java:47)
at org.testng.asserts.SoftAssert.assertAll(SoftAssert.java:31)
at parallel_execution.Programme_Parallel1.title(Programme_Parallel1.java:66)
at java.base/jdk.internal.reflect.NativeMethodAccessorImpl.invoke0(Native Method)
at java.base/jdk.internal.reflect.NativeMethodAccessorImpl.invoke(NativeMethodAccessorImpl.java:77)
at java.base/jdk.internal.reflect.DelegatingMethodAccessorImpl.invoke(DelegatingMethodAccessorImpl.java:43)
at java.base/java.lang.reflect.Method.invoke(Method.java:568)
at org.testng.internal.MethodInvocationHelper.invokeMethod(MethodInvocationHelper.java:133)
at org.testng.internal.TestInvoker.invokeMethod(TestInvoker.java:598)
at org.testng.internal.TestInvoker.invokeTestMethod(TestInvoker.java:173)
at org.testng.internal.MethodRunner.runInSequence(MethodRunner.java:46)
at org.testng.internal.TestInvoker$MethodInvocationAgent.invoke(TestInvoker.java:824)
at org.testng.internal.TestInvoker.invokeTestMethods(TestInvoker.java:146)
at org.testng.internal.TestMethodWorker.invokeTestMethods(TestMethodWorker.java:146)
at org.testng.internal.TestMethodWorker.run(TestMethodWorker.java:128)
at java.base/java.util.ArrayList.forEach(ArrayList.java:1511)
at org.testng.TestRunner.privateRun(TestRunner.java:794)
at org.testng.TestRunner.run(TestRunner.java:596)
at org.testng.SuiteRunner.runTest(SuiteRunner.java:377)
at org.testng.SuiteRunner.access$000(SuiteRunner.java:28)
at org.testng.SuiteRunner$SuiteWorker.run(SuiteRunner.java:418)
at org.testng.internal.thread.ThreadUtil.lambda$execute$0(ThreadUtil.java:64)
at java.base/java.util.concurrent.FutureTask.run(FutureTask.java:264)
at java.base/java.util.concurrent.ThreadPoolExecutor.runWorker(ThreadPoolExecutor.java:1136)
at java.base/java.util.concurrent.ThreadPoolExecutor$Worker.run(ThreadPoolExecutor.java:635)
at java.base/java.lang.Thread.run(Thread.java:833)
]]>
            </full-stacktrace>
          </exception> <!-- java.lang.AssertionError -->
          <reporter-output>
          </reporter-output>
        </test-method> <!-- title -->
        <test-method is-config="true" signature="closeapp()[pri:0, instance:parallel_execution.Programme_Parallel1@1c7696c6]" started-at="2023-03-02T20:33:50 IST" name="closeapp" finished-at="2023-03-02T20:33:52 IST" duration-ms="1730" status="PASS">
          <reporter-output>
          </reporter-output>
        </test-method> <!-- closeapp -->
      </class> <!-- parallel_execution.Programme_Parallel1 -->
    </test> <!-- chrome Test -->
    <test started-at="2023-03-02T20:33:29 IST" name="edge Test" finished-at="2023-03-02T20:33:56 IST" duration-ms="27211">
      <class name="parallel_execution.Programme_Parallel1">
        <test-method is-config="true" signature="setup(java.lang.String,java.lang.String)[pri:0, instance:parallel_execution.Programme_Parallel1@1a6d8329]" started-at="2023-03-02T20:33:29 IST" name="setup" finished-at="2023-03-02T20:33:52 IST" duration-ms="22823" status="PASS">
          <params>
            <param index="0">
              <value>
                <![CDATA[edge]]>
              </value>
            </param>
            <param index="1">
              <value>
                <![CDATA[http://localhost/login.do]]>
              </value>
            </param>
          </params>
          <reporter-output>
          </reporter-output>
        </test-method> <!-- setup -->
        <test-method signature="login()[pri:1, instance:parallel_execution.Programme_Parallel1@1a6d8329]" started-at="2023-03-02T20:33:52 IST" name="login" finished-at="2023-03-02T20:33:53 IST" duration-ms="1277" status="PASS">
          <reporter-output>
          </reporter-output>
        </test-method> <!-- login -->
        <test-method signature="title()[pri:2, instance:parallel_execution.Programme_Parallel1@1a6d8329]" started-at="2023-03-02T20:33:53 IST" name="title" finished-at="2023-03-02T20:33:55 IST" duration-ms="2279" status="FAIL">
          <exception class="java.lang.AssertionError">
            <message>
              <![CDATA[The following asserts failed:
expected [actiTIME - Login] but found [actiTIME - Enter Time-Track]]]>
            </message>
            <full-stacktrace>
              <![CDATA[java.lang.AssertionError: The following asserts failed:
expected [actiTIME - Login] but found [actiTIME - Enter Time-Track]
at org.testng.asserts.SoftAssert.assertAll(SoftAssert.java:47)
at org.testng.asserts.SoftAssert.assertAll(SoftAssert.java:31)
at parallel_execution.Programme_Parallel1.title(Programme_Parallel1.java:66)
at java.base/jdk.internal.reflect.NativeMethodAccessorImpl.invoke0(Native Method)
at java.base/jdk.internal.reflect.NativeMethodAccessorImpl.invoke(NativeMethodAccessorImpl.java:77)
at java.base/jdk.internal.reflect.DelegatingMethodAccessorImpl.invoke(DelegatingMethodAccessorImpl.java:43)
at java.base/java.lang.reflect.Method.invoke(Method.java:568)
at org.testng.internal.MethodInvocationHelper.invokeMethod(MethodInvocationHelper.java:133)
at org.testng.internal.TestInvoker.invokeMethod(TestInvoker.java:598)
at org.testng.internal.TestInvoker.invokeTestMethod(TestInvoker.java:173)
at org.testng.internal.MethodRunner.runInSequence(MethodRunner.java:46)
at org.testng.internal.TestInvoker$MethodInvocationAgent.invoke(TestInvoker.java:824)
at org.testng.internal.TestInvoker.invokeTestMethods(TestInvoker.java:146)
at org.testng.internal.TestMethodWorker.invokeTestMethods(TestMethodWorker.java:146)
at org.testng.internal.TestMethodWorker.run(TestMethodWorker.java:128)
at java.base/java.util.ArrayList.forEach(ArrayList.java:1511)
at org.testng.TestRunner.privateRun(TestRunner.java:794)
at org.testng.TestRunner.run(TestRunner.java:596)
at org.testng.SuiteRunner.runTest(SuiteRunner.java:377)
at org.testng.SuiteRunner.access$000(SuiteRunner.java:28)
at org.testng.SuiteRunner$SuiteWorker.run(SuiteRunner.java:418)
at org.testng.internal.thread.ThreadUtil.lambda$execute$0(ThreadUtil.java:64)
at java.base/java.util.concurrent.FutureTask.run(FutureTask.java:264)
at java.base/java.util.concurrent.ThreadPoolExecutor.runWorker(ThreadPoolExecutor.java:1136)
at java.base/java.util.concurrent.ThreadPoolExecutor$Worker.run(ThreadPoolExecutor.java:635)
at java.base/java.lang.Thread.run(Thread.java:833)
]]>
            </full-stacktrace>
          </exception> <!-- java.lang.AssertionError -->
          <reporter-output>
          </reporter-output>
        </test-method> <!-- title -->
        <test-method is-config="true" signature="closeapp()[pri:0, instance:parallel_execution.Programme_Parallel1@1a6d8329]" started-at="2023-03-02T20:33:55 IST" name="closeapp" finished-at="2023-03-02T20:33:56 IST" duration-ms="697" status="PASS">
          <reporter-output>
          </reporter-output>
        </test-method> <!-- closeapp -->
      </class> <!-- parallel_execution.Programme_Parallel1 -->
    </test> <!-- edge Test -->
    <test started-at="2023-03-02T20:33:29 IST" name="firefox Test" finished-at="2023-03-02T20:34:08 IST" duration-ms="39622">
      <class name="parallel_execution.Programme_Parallel1">
        <test-method is-config="true" signature="setup(java.lang.String,java.lang.String)[pri:0, instance:parallel_execution.Programme_Parallel1@2dc54ad4]" started-at="2023-03-02T20:33:29 IST" name="setup" finished-at="2023-03-02T20:34:03 IST" duration-ms="33831" status="PASS">
          <params>
            <param index="0">
              <value>
                <![CDATA[firefox]]>
              </value>
            </param>
            <param index="1">
              <value>
                <![CDATA[http://localhost/login.do]]>
              </value>
            </param>
          </params>
          <reporter-output>
          </reporter-output>
        </test-method> <!-- setup -->
        <test-method signature="login()[pri:1, instance:parallel_execution.Programme_Parallel1@2dc54ad4]" started-at="2023-03-02T20:34:03 IST" name="login" finished-at="2023-03-02T20:34:05 IST" duration-ms="2598" status="PASS">
          <reporter-output>
          </reporter-output>
        </test-method> <!-- login -->
        <test-method signature="title()[pri:2, instance:parallel_execution.Programme_Parallel1@2dc54ad4]" started-at="2023-03-02T20:34:05 IST" name="title" finished-at="2023-03-02T20:34:05 IST" duration-ms="45" status="PASS">
          <reporter-output>
          </reporter-output>
        </test-method> <!-- title -->
        <test-method is-config="true" signature="closeapp()[pri:0, instance:parallel_execution.Programme_Parallel1@2dc54ad4]" started-at="2023-03-02T20:34:05 IST" name="closeapp" finished-at="2023-03-02T20:34:08 IST" duration-ms="3020" status="PASS">
          <reporter-output>
          </reporter-output>
        </test-method> <!-- closeapp -->
      </class> <!-- parallel_execution.Programme_Parallel1 -->
    </test> <!-- firefox Test -->
  </suite> <!-- mysuite -->
</testng-results>
